<?xml version="1.0" encoding="UTF-8" ?>
<testsuite errors="0" failures="0" hostname="DESKTOP-IBEUH2M" name="ReadXMLTest" skipped="0" tests="1" time="0.066" timestamp="2017-05-15T14:42:54">
  <properties>
    <property name="java.vendor" value="Oracle Corporation" />
    <property name="env.USERDOMAIN_ROAMINGPROFILE" value="DESKTOP-IBEUH2M" />
    <property name="sun.java.launcher" value="SUN_STANDARD" />
    <property name="sun.management.compiler" value="HotSpot 64-Bit Tiered Compilers" />
    <property name="env.PROMPT" value="$P$G" />
    <property name="os.name" value="Windows 10" />
    <property name="sun.boot.class.path" value="F:\Java\jre1.8.0_121\lib\resources.jar;F:\Java\jre1.8.0_121\lib\rt.jar;F:\Java\jre1.8.0_121\lib\sunrsasign.jar;F:\Java\jre1.8.0_121\lib\jsse.jar;F:\Java\jre1.8.0_121\lib\jce.jar;F:\Java\jre1.8.0_121\lib\charsets.jar;F:\Java\jre1.8.0_121\lib\jfr.jar;F:\Java\jre1.8.0_121\classes" />
    <property name="env.COMPUTERNAME" value="DESKTOP-IBEUH2M" />
    <property name="env.CommonProgramW6432" value="C:\Program Files\Common Files" />
    <property name="env.ALLUSERSPROFILE" value="C:\ProgramData" />
    <property name="sun.desktop" value="windows" />
    <property name="java.vm.specification.vendor" value="Oracle Corporation" />
    <property name="ant.home" value="C:\Users\Lenovo\.p2\pool\plugins\org.apache.ant_1.9.6.v201510161327" />
    <property name="java.runtime.version" value="1.8.0_121-b13" />
    <property name="env.HOMEPATH" value="\Users\Lenovo" />
    <property name="user.name" value="Guure" />
    <property name="user.language" value="zh" />
    <property name="sun.boot.library.path" value="F:\Java\jre1.8.0_121\bin" />
    <property name="ant.project.default-target" value="build" />
    <property name="ant.project.name" value="TestingProject" />
    <property name="java.version" value="1.8.0_121" />
    <property name="env.PROCESSOR_IDENTIFIER" value="Intel64 Family 6 Model 60 Stepping 3, GenuineIntel" />
    <property name="user.timezone" value="" />
    <property name="env.TEMP" value="C:\Users\Lenovo\AppData\Local\Temp" />
    <property name="sun.arch.data.model" value="64" />
    <property name="java.endorsed.dirs" value="F:\Java\jre1.8.0_121\lib\endorsed" />
    <property name="sun.cpu.isalist" value="amd64" />
    <property name="env.HOMEDRIVE" value="C:" />
    <property name="sun.jnu.encoding" value="GBK" />
    <property name="file.encoding.pkg" value="sun.io" />
    <property name="file.separator" value="\" />
    <property name="java.specification.name" value="Java Platform API Specification" />
    <property name="java.class.version" value="52.0" />
    <property name="user.country" value="CN" />
    <property name="java.home" value="F:\Java\jre1.8.0_121" />
    <property name="env.PSModulePath" value="C:\Windows\system32\WindowsPowerShell\v1.0\Modules\" />
    <property name="env.APPDATA" value="C:\Users\Lenovo\AppData\Roaming" />
    <property name="env.PUBLIC" value="C:\Users\Public" />
    <property name="java.vm.info" value="mixed mode" />
    <property name="env.ComSpec" value="C:\Windows\system32\cmd.exe" />
    <property name="env.OS" value="Windows_NT" />
    <property name="env.CommonProgramFiles" value="C:\Program Files\Common Files" />
    <property name="ant.file" value="G:\大学\学习资料\团队项目开发\project\leftChildrenApp-cmj\TestingProject\build.xml" />
    <property name="os.version" value="10.0" />
    <property name="env.ProgramW6432" value="C:\Program Files" />
    <property name="path.separator" value=";" />
    <property name="java.vm.version" value="25.121-b13" />
    <property name="env.USERPROFILE" value="C:\Users\Lenovo" />
    <property name="user.variant" value="" />
    <property name="ant.library.dir" value="C:\Users\Lenovo\.p2\pool\plugins\org.apache.ant_1.9.6.v201510161327\lib" />
    <property name="junit.output.dir" value="junit" />
    <property name="env.JAVA_HOME" value="F:\Java\jdk1.8.0_121" />
    <property name="java.awt.printerjob" value="sun.awt.windows.WPrinterJob" />
    <property name="env.TMP" value="C:\Users\Lenovo\AppData\Local\Temp" />
    <property name="env.FPS_BROWSER_USER_PROFILE_STRING" value="Default" />
    <property name="sun.io.unicode.encoding" value="UnicodeLittle" />
    <property name="awt.toolkit" value="sun.awt.windows.WToolkit" />
    <property name="env.GRAPHVIZ_DOT" value="F:\Graphviz2.38\bin\dot.exe" />
    <property name="user.script" value="" />
    <property name="env.DOCKER_TOOLBOX_INSTALL_PATH" value="F:\Docker Toolbox" />
    <property name="user.home" value="C:\Users\Lenovo" />
    <property name="target" value="1.8" />
    <property name="env.ProgramData" value="C:\ProgramData" />
    <property name="env.VS140COMNTOOLS" value="C:\Program Files (x86)\Microsoft Visual Studio 14.0\Common7\Tools\" />
    <property name="env.SESSIONNAME" value="Console" />
    <property name="env.ProgramFiles(x86)" value="C:\Program Files (x86)" />
    <property name="java.specification.vendor" value="Oracle Corporation" />
    <property name="env.CLASSPATH" value=".;F:\Java\jdk1.8.0_121\lib\dt.jar;F:\Java\jdk1.8.0_121\lib\tools.jar;F:\Java\junit4\junit-4.12.jar;F:\Java\junit4\hamcrest-core-1.3.jar;" />
    <property name="env.NUMBER_OF_PROCESSORS" value="4" />
    <property name="java.library.path" value="F:\Java\jre1.8.0_121\bin;C:\Windows\Sun\Java\bin;C:\Windows\system32;C:\Windows;F:/Java/jre1.8.0_121/bin/server;F:/Java/jre1.8.0_121/bin;F:/Java/jre1.8.0_121/lib/amd64;F:\Graphviz2.38\bin\;C:\ProgramData\Oracle\Java\javapath;C:\Windows\system32;C:\Windows;C:\Windows\System32\Wbem;C:\Windows\System32\WindowsPowerShell\v1.0\;F:\Java\jdk1.8.0_121\bin;F:\Java\jdk1.8.0_121\jre\bin;F:\Python\Python36;F:\Python\Python36\Lib\site-packages;F:\Python\Python36\Scripts;C:\Program Files (x86)\Windows Kits\8.1\Windows Performance Toolkit\;C:\Program Files\Git\cmd;F:\nodejs\;F:\Android\sdk1\platform-tools;F:\Docker Toolbox;C:\Users\Lenovo\AppData\Roaming\npm;F:\Microsoft VS Code\bin;C:\Windows\System32;;." />
    <property name="java.vendor.url" value="http://java.oracle.com/" />
    <property name="java.vm.vendor" value="Oracle Corporation" />
    <property name="java.runtime.name" value="Java(TM) SE Runtime Environment" />
    <property name="ant.version" value="Apache Ant(TM) version 1.9.6 compiled on June 29 2015" />
    <property name="java.class.path" value="G:\大学\学习资料\团队项目开发\project\leftChildrenApp-cmj\TestingProject\bin;C:\Users\Lenovo\.p2\pool\plugins\org.junit_4.12.0.v201504281640\junit.jar;C:\Users\Lenovo\.p2\pool\plugins\org.hamcrest.core_1.3.0.v201303031735.jar;G:\大学\学习资料\团队项目开发\project\leftChildrenApp-cmj\LeftChildrenApp\bin;G:\大学\学习资料\团队项目开发\project\leftChildrenApp-cmj\LeftChildrenApp\char_lib\jcommon-1.0.23.jar;G:\大学\学习资料\团队项目开发\project\leftChildrenApp-cmj\LeftChildrenApp\char_lib\jfreechart-1.0.19.jar;G:\大学\学习资料\团队项目开发\project\leftChildrenApp-cmj\TestingProject;F:\Java\jdk1.8.0_121\lib\dt.jar;F:\Java\jdk1.8.0_121\lib\tools.jar;F:\Java\junit4\junit-4.12.jar;F:\Java\junit4\hamcrest-core-1.3.jar;G:\迅雷下载\junit-4.12.jar;C:\Users\Lenovo\.p2\pool\plugins\org.apache.ant_1.9.6.v201510161327\lib\ant-launcher.jar;C:\Users\Lenovo\.p2\pool\plugins\org.apache.ant_1.9.6.v201510161327\lib\ant.jar;C:\Users\Lenovo\.p2\pool\plugins\org.apache.ant_1.9.6.v201510161327\lib\ant-junit.jar;C:\Users\Lenovo\.p2\pool\plugins\org.apache.ant_1.9.6.v201510161327\lib\ant-junit4.jar" />
    <property name="sun.java.command" value="org.apache.tools.ant.taskdefs.optional.junit.JUnitTestRunner ReadXMLTest skipNonTests=false filtertrace=true haltOnError=false haltOnFailure=false formatter=org.apache.tools.ant.taskdefs.optional.junit.OutErrSummaryJUnitResultFormatter showoutput=false outputtoformatters=true logfailedtests=true threadid=0 logtestlistenerevents=false formatter=org.apache.tools.ant.taskdefs.optional.junit.XMLJUnitResultFormatter,G:\大学\学习资料\团队项目开发\project\leftChildrenApp-cmj\TestingProject\junit\TEST-ReadXMLTest.xml crashfile=G:\大学\学习资料\团队项目开发\project\leftChildrenApp-cmj\TestingProject\junitvmwatcher4298676981212236592.properties propsfile=G:\大学\学习资料\团队项目开发\project\leftChildrenApp-cmj\TestingProject\junit2183572518066541831.properties" />
    <property name="java.vm.specification.name" value="Java Virtual Machine Specification" />
    <property name="env.LOGONSERVER" value="\\DESKTOP-IBEUH2M" />
    <property name="env.windir" value="C:\Windows" />
    <property name="env.PROCESSOR_ARCHITECTURE" value="AMD64" />
    <property name="java.vm.specification.version" value="1.8" />
    <property name="sun.os.patch.level" value="" />
    <property name="sun.cpu.endian" value="little" />
    <property name="debuglevel" value="source,lines,vars" />
    <property name="env.OneDrive" value="C:\Users\Lenovo\OneDrive" />
    <property name="env.ProgramFiles" value="C:\Program Files" />
    <property name="env.ANT_HOME" value="C:\Users\Lenovo\.p2\pool\plugins\org.apache.ant_1.9.6.v201510161327" />
    <property name="java.io.tmpdir" value="C:\Users\Lenovo\AppData\Local\Temp\" />
    <property name="env.PROCESSOR_REVISION" value="3c03" />
    <property name="env.CommonProgramFiles(x86)" value="C:\Program Files (x86)\Common Files" />
    <property name="java.vendor.url.bug" value="http://bugreport.sun.com/bugreport/" />
    <property name="env.SystemRoot" value="C:\Windows" />
    <property name="env.FPS_BROWSER_APP_PROFILE_STRING" value="Internet Explorer" />
    <property name="os.arch" value="amd64" />
    <property name="java.awt.graphicsenv" value="sun.awt.Win32GraphicsEnvironment" />
    <property name="ant.file.TestingProject" value="G:\大学\学习资料\团队项目开发\project\leftChildrenApp-cmj\TestingProject\build.xml" />
    <property name="java.ext.dirs" value="F:\Java\jre1.8.0_121\lib\ext;C:\Windows\Sun\Java\lib\ext" />
    <property name="user.dir" value="G:\大学\学习资料\团队项目开发\project\leftChildrenApp-cmj\TestingProject" />
    <property name="env.LOCALAPPDATA" value="C:\Users\Lenovo\AppData\Local" />
    <property name="line.separator" value="&#xd;&#xa;" />
    <property name="java.vm.name" value="Java HotSpot(TM) 64-Bit Server VM" />
    <property name="env.PATHEXT" value=".COM;.EXE;.BAT;.CMD;.VBS;.VBE;.JS;.JSE;.WSF;.WSH;.MSC" />
    <property name="env.Path" value="F:/Java/jre1.8.0_121/bin/server;F:/Java/jre1.8.0_121/bin;F:/Java/jre1.8.0_121/lib/amd64;F:\Graphviz2.38\bin\;C:\ProgramData\Oracle\Java\javapath;C:\Windows\system32;C:\Windows;C:\Windows\System32\Wbem;C:\Windows\System32\WindowsPowerShell\v1.0\;F:\Java\jdk1.8.0_121\bin;F:\Java\jdk1.8.0_121\jre\bin;F:\Python\Python36;F:\Python\Python36\Lib\site-packages;F:\Python\Python36\Scripts;C:\Program Files (x86)\Windows Kits\8.1\Windows Performance Toolkit\;C:\Program Files\Git\cmd;F:\nodejs\;F:\Android\sdk1\platform-tools;F:\Docker Toolbox;C:\Users\Lenovo\AppData\Roaming\npm;F:\Microsoft VS Code\bin;C:\Windows\System32;" />
    <property name="basedir" value="G:\大学\学习资料\团队项目开发\project\leftChildrenApp-cmj\TestingProject" />
    <property name="ant.java.version" value="1.8" />
    <property name="ant.core.lib" value="C:\Users\Lenovo\.p2\pool\plugins\org.apache.ant_1.9.6.v201510161327\lib\ant.jar" />
    <property name="env.USERNAME" value="Guure" />
    <property name="env.SystemDrive" value="C:" />
    <property name="source" value="1.8" />
    <property name="file.encoding" value="GBK" />
    <property name="LeftChildrenApp.location" value="../LeftChildrenApp" />
    <property name="env.USERDOMAIN" value="DESKTOP-IBEUH2M" />
    <property name="ant.file.type.TestingProject" value="file" />
    <property name="java.specification.version" value="1.8" />
    <property name="ant.project.invoked-targets" value="build,ReadXMLTest (1),InitVarsAndTagsTest" />
    <property name="env.PROCESSOR_LEVEL" value="6" />
    <property name="env.VBOX_MSI_INSTALL_PATH" value="C:\Program Files\Oracle\VirtualBox\" />
  </properties>
  <testcase classname="ReadXMLTest" name="test" time="0.023" />
  <system-out><![CDATA[]]></system-out>
  <system-err><![CDATA[]]></system-err>
</testsuite>
